<?xml version="1.0" encoding="UTF-8"?>
<robot generator="Robot 6.0.2 (Python 3.11.2 on win32)" generated="20231128 19:01:06.866" rpa="false" schemaversion="3">
<suite id="s1" name="signupSuperVariavel" source="C:\QAx\projects\walkdog-robot\signupSuperVariavel.robot">
<test id="s1-t1" name="Deve validar a tela de cadasro de um novo Dog walker" line="7">
<kw name="Create Dictionary" library="BuiltIn">
<var>${dog_walker}</var>
<arg>name=Jonathan Teste</arg>
<arg>email=jonteste@teste.com</arg>
<arg>cpf=77002758152</arg>
<arg>cep=72914502</arg>
<arg>street=Quadra 4 Conjunto A</arg>
<arg>number=404</arg>
<arg>details=apto 204</arg>
<arg>district=Parque da Barragem Setor 06</arg>
<arg>city_uf=Águas Lindas de Goiás/GO</arg>
<arg>cnh=toretto.jpg</arg>
<doc>Creates and returns a dictionary based on the given ``items``.</doc>
<msg timestamp="20231128 19:01:07.557" level="INFO">${dog_walker} = {'name': 'Jonathan Teste', 'email': 'jonteste@teste.com', 'cpf': '77002758152', 'cep': '72914502', 'street': 'Quadra 4 Conjunto A', 'number': '404', 'details': 'apto 204', 'district': 'Parque da Barra...</msg>
<status status="PASS" starttime="20231128 19:01:07.557" endtime="20231128 19:01:07.557"/>
</kw>
<kw name="Go to signup page">
<kw name="New Browser" library="Browser">
<arg>browser=chromium</arg>
<arg>headless=False</arg>
<tag>BrowserControl</tag>
<tag>Setter</tag>
<doc>Create a new playwright Browser with specified options.</doc>
<msg timestamp="20231128 19:01:07.557" level="INFO">{"browser": "chromium", "headless": false, "chromiumSandbox": false, "devtools": false, "handleSIGHUP": true, "handleSIGINT": true, "handleSIGTERM": true, "slowMo": 0.0, "timeout": 30000.0, "tracesDir": "C:\\QAx\\projects\\walkdog-robot\\logs\\browser\\traces\\ecf50cca-ba74-458a-896b-ae8b8305b16e"}</msg>
<msg timestamp="20231128 19:01:07.832" level="INFO">Successfully created browser with options: {"browser":"chromium","headless":false,"chromiumSandbox":false,"devtools":false,"handleSIGHUP":true,"handleSIGINT":true,"handleSIGTERM":true,"slowMo":0,"timeout":30000,"tracesDir":"C:\\QAx\\projects\\walkdog-robot\\logs\\browser\\traces\\ecf50cca-ba74-458a-896b-ae8b8305b16e"}</msg>
<status status="PASS" starttime="20231128 19:01:07.557" endtime="20231128 19:01:07.832"/>
</kw>
<kw name="New Page" library="Browser">
<arg>https://walkdog.vercel.app/signup</arg>
<tag>BrowserControl</tag>
<tag>Setter</tag>
<doc>Open a new Page.</doc>
<msg timestamp="20231128 19:01:08.649" level="INFO">Successfully initialized new page object and opened url: https://walkdog.vercel.app/signup</msg>
<msg timestamp="20231128 19:01:08.649" level="INFO">No context was open. New context was automatically opened when this page is created.</msg>
<status status="PASS" starttime="20231128 19:01:07.832" endtime="20231128 19:01:08.649"/>
</kw>
<kw name="Wait For Elements State" library="Browser">
<arg>form h1</arg>
<arg>visible</arg>
<arg>5000</arg>
<tag>PageContent</tag>
<tag>Wait</tag>
<doc>Waits for the element found by ``selector`` to satisfy state option.</doc>
<msg timestamp="20231128 19:01:08.668" level="INFO">Waited for Element with selector form h1 at state visible</msg>
<status status="PASS" starttime="20231128 19:01:08.649" endtime="20231128 19:01:08.668"/>
</kw>
<kw name="Get Text" library="Browser">
<arg>form h1</arg>
<arg>equal</arg>
<arg>Faça seu cadastro</arg>
<tag>Assertion</tag>
<tag>Getter</tag>
<tag>PageContent</tag>
<doc>Returns text attribute of the element found by ``selector``.</doc>
<msg timestamp="20231128 19:01:08.693" level="INFO">Text: 'Faça seu cadastro'</msg>
<status status="PASS" starttime="20231128 19:01:08.668" endtime="20231128 19:01:08.693"/>
</kw>
<status status="PASS" starttime="20231128 19:01:07.557" endtime="20231128 19:01:08.693"/>
</kw>
<kw name=" Fill signup form">
<arg>${dog_walker}</arg>
<kw name="Fill Text" library="Browser">
<arg>css=input[name=name]</arg>
<arg>${dog_walker}[name]</arg>
<tag>PageContent</tag>
<tag>Setter</tag>
<doc>Clears and fills the given ``txt`` into the text field found by ``selector``.</doc>
<msg timestamp="20231128 19:01:08.694" level="INFO">Fills the text 'Jonathan Teste' in the given field.</msg>
<status status="PASS" starttime="20231128 19:01:08.694" endtime="20231128 19:01:08.712"/>
</kw>
<kw name="Fill Text" library="Browser">
<arg>css=input[name=email]</arg>
<arg>${dog_walker}[email]</arg>
<tag>PageContent</tag>
<tag>Setter</tag>
<doc>Clears and fills the given ``txt`` into the text field found by ``selector``.</doc>
<msg timestamp="20231128 19:01:08.712" level="INFO">Fills the text 'jonteste@teste.com' in the given field.</msg>
<status status="PASS" starttime="20231128 19:01:08.712" endtime="20231128 19:01:08.720"/>
</kw>
<kw name="Fill Text" library="Browser">
<arg>css=input[name=cpf]</arg>
<arg>${dog_walker}[cpf]</arg>
<tag>PageContent</tag>
<tag>Setter</tag>
<doc>Clears and fills the given ``txt`` into the text field found by ``selector``.</doc>
<msg timestamp="20231128 19:01:08.720" level="INFO">Fills the text '77002758152' in the given field.</msg>
<status status="PASS" starttime="20231128 19:01:08.720" endtime="20231128 19:01:08.735"/>
</kw>
<kw name="Fill Text" library="Browser">
<arg>css=input[name=cep]</arg>
<arg>${dog_walker}[cep]</arg>
<tag>PageContent</tag>
<tag>Setter</tag>
<doc>Clears and fills the given ``txt`` into the text field found by ``selector``.</doc>
<msg timestamp="20231128 19:01:08.735" level="INFO">Fills the text '72914502' in the given field.</msg>
<status status="PASS" starttime="20231128 19:01:08.735" endtime="20231128 19:01:08.752"/>
</kw>
<kw name="Click" library="Browser">
<arg>css=input[type=button][value$=CEP]</arg>
<tag>PageContent</tag>
<tag>Setter</tag>
<doc>Simulates mouse click on the element found by ``selector``.</doc>
<status status="PASS" starttime="20231128 19:01:08.752" endtime="20231128 19:01:08.797"/>
</kw>
<kw name="Get Property" library="Browser">
<arg>css=input[name=addressStreet]</arg>
<arg>value</arg>
<arg>equal</arg>
<arg>${dog_walker}[street]</arg>
<tag>Assertion</tag>
<tag>Getter</tag>
<tag>PageContent</tag>
<doc>Returns the ``property`` of the element found by ``selector``.</doc>
<msg timestamp="20231128 19:01:09.286" level="INFO">Property: 'Quadra 4 Conjunto A'</msg>
<status status="PASS" starttime="20231128 19:01:08.798" endtime="20231128 19:01:09.286"/>
</kw>
<kw name="Get Property" library="Browser">
<arg>css=input[name=addressDistrict]</arg>
<arg>value</arg>
<arg>equal</arg>
<arg>${dog_walker}[district]</arg>
<tag>Assertion</tag>
<tag>Getter</tag>
<tag>PageContent</tag>
<doc>Returns the ``property`` of the element found by ``selector``.</doc>
<msg timestamp="20231128 19:01:09.286" level="INFO">Property: 'Parque da Barragem Setor 06'</msg>
<status status="PASS" starttime="20231128 19:01:09.286" endtime="20231128 19:01:09.286"/>
</kw>
<kw name="Get Property" library="Browser">
<arg>css=input[name=addressCityUf]</arg>
<arg>value</arg>
<arg>equal</arg>
<arg>${dog_walker}[city_uf]</arg>
<tag>Assertion</tag>
<tag>Getter</tag>
<tag>PageContent</tag>
<doc>Returns the ``property`` of the element found by ``selector``.</doc>
<msg timestamp="20231128 19:01:09.303" level="INFO">Property: 'Águas Lindas de Goiás/GO'</msg>
<status status="PASS" starttime="20231128 19:01:09.286" endtime="20231128 19:01:09.303"/>
</kw>
<kw name="Fill Text" library="Browser">
<arg>css=input[name=addressNumber]</arg>
<arg>${dog_walker}[number]</arg>
<tag>PageContent</tag>
<tag>Setter</tag>
<doc>Clears and fills the given ``txt`` into the text field found by ``selector``.</doc>
<msg timestamp="20231128 19:01:09.304" level="INFO">Fills the text '404' in the given field.</msg>
<status status="PASS" starttime="20231128 19:01:09.304" endtime="20231128 19:01:09.310"/>
</kw>
<kw name="Fill Text" library="Browser">
<arg>css=input[name=addressDetails]</arg>
<arg>${dog_walker}[details]</arg>
<tag>PageContent</tag>
<tag>Setter</tag>
<doc>Clears and fills the given ``txt`` into the text field found by ``selector``.</doc>
<msg timestamp="20231128 19:01:09.310" level="INFO">Fills the text 'apto 204' in the given field.</msg>
<status status="PASS" starttime="20231128 19:01:09.310" endtime="20231128 19:01:09.319"/>
</kw>
<kw name="Upload File By Selector" library="Browser">
<arg>css=input[type=file]</arg>
<arg>${EXECDIR}/${dog_walker}[cnh]</arg>
<tag>PageContent</tag>
<tag>Setter</tag>
<doc>Uploads file from `path` to file input element matched by selector.</doc>
<status status="PASS" starttime="20231128 19:01:09.319" endtime="20231128 19:01:09.338"/>
</kw>
<status status="PASS" starttime="20231128 19:01:08.694" endtime="20231128 19:01:09.339"/>
</kw>
<kw name="Submit signup form">
<kw name="Click" library="Browser">
<arg>css=.button-register</arg>
<tag>PageContent</tag>
<tag>Setter</tag>
<doc>Simulates mouse click on the element found by ``selector``.</doc>
<status status="PASS" starttime="20231128 19:01:09.339" endtime="20231128 19:01:09.378"/>
</kw>
<status status="PASS" starttime="20231128 19:01:09.339" endtime="20231128 19:01:09.378"/>
</kw>
<kw name="Popup should be">
<arg>Recebemos o seu cadastro e em breve retornaremos o contato.</arg>
<kw name="Wait For Elements State" library="Browser">
<arg>css=.swal2-html-container</arg>
<arg>visible</arg>
<arg>5</arg>
<tag>PageContent</tag>
<tag>Wait</tag>
<doc>Waits for the element found by ``selector`` to satisfy state option.</doc>
<msg timestamp="20231128 19:01:10.204" level="INFO">Waited for Element with selector css=.swal2-html-container at state visible</msg>
<status status="PASS" starttime="20231128 19:01:09.379" endtime="20231128 19:01:10.204"/>
</kw>
<kw name="Get Text" library="Browser">
<arg>css=.swal2-html-container</arg>
<arg>equal</arg>
<arg>${expected_text}</arg>
<tag>Assertion</tag>
<tag>Getter</tag>
<tag>PageContent</tag>
<doc>Returns text attribute of the element found by ``selector``.</doc>
<msg timestamp="20231128 19:01:10.212" level="INFO">Text: 'Recebemos o seu cadastro e em breve retornaremos o contato.'</msg>
<status status="PASS" starttime="20231128 19:01:10.204" endtime="20231128 19:01:10.212"/>
</kw>
<kw name="Take Screenshot" library="Browser">
<tag>PageContent</tag>
<doc>Takes a screenshot of the current window or element and saves it to disk.</doc>
<msg timestamp="20231128 19:01:10.334" level="INFO" html="true">&lt;/td&gt;&lt;/tr&gt;&lt;tr&gt;&lt;td colspan="3"&gt;&lt;a href="browser/screenshot/robotframework-browser-screenshot-1.png" target="_blank"&gt;&lt;img src="browser/screenshot/robotframework-browser-screenshot-1.png" width="800px"/&gt;&lt;/a&gt;</msg>
<status status="PASS" starttime="20231128 19:01:10.212" endtime="20231128 19:01:10.335"/>
</kw>
<kw name="Sleep" library="BuiltIn">
<arg>20</arg>
<doc>Pauses the test executed for the given time.</doc>
<msg timestamp="20231128 19:01:30.336" level="INFO">Slept 20 seconds</msg>
<status status="PASS" starttime="20231128 19:01:10.335" endtime="20231128 19:01:30.336"/>
</kw>
<status status="PASS" starttime="20231128 19:01:09.379" endtime="20231128 19:01:30.336"/>
</kw>
<status status="PASS" starttime="20231128 19:01:07.557" endtime="20231128 19:01:30.336"/>
</test>
<doc>Suite de testes de cadastro de dog walker</doc>
<status status="PASS" starttime="20231128 19:01:06.866" endtime="20231128 19:01:30.381"/>
</suite>
<statistics>
<total>
<stat pass="1" fail="0" skip="0">All Tests</stat>
</total>
<tag>
</tag>
<suite>
<stat pass="1" fail="0" skip="0" id="s1" name="signupSuperVariavel">signupSuperVariavel</stat>
</suite>
</statistics>
<errors>
</errors>
</robot>
